[2024-11-22 23:21:12 -0500] [252206] [INFO] Handling signal: term
[2024-11-22 23:21:12 -0500] [252208] [INFO] Shutting down
[2024-11-22 23:21:12 -0500] [252208] [INFO] Waiting for application shutdown.
[2024-11-22 23:21:12 -0500] [252208] [INFO] Application shutdown complete.
[2024-11-22 23:21:12 -0500] [252208] [INFO] Finished server process [252208]
[2024-11-22 23:21:12 -0500] [252206] [ERROR] Worker (pid:252208) was sent SIGTERM!
[2024-11-22 23:21:12 -0500] [252206] [INFO] Shutting down: Master
[2024-11-22 23:21:12 -0500] [252492] [INFO] Starting gunicorn 23.0.0
[2024-11-22 23:21:12 -0500] [252492] [INFO] Listening at: http://192.168.0.205:5000 (252492)
[2024-11-22 23:21:12 -0500] [252492] [INFO] Using worker: uvicorn.workers.UvicornWorker
[2024-11-22 23:21:12 -0500] [252494] [INFO] Booting worker with pid: 252494
[2024-11-22 23:21:13 -0500] [252494] [INFO] Started server process [252494]
[2024-11-22 23:21:13 -0500] [252494] [INFO] Waiting for application startup.
[2024-11-22 23:21:13 -0500] [252494] [INFO] Application startup complete.
[2024-11-22 23:30:00 -0500] [252492] [INFO] Handling signal: term
[2024-11-22 23:30:00 -0500] [252494] [INFO] Shutting down
[2024-11-22 23:30:00 -0500] [252494] [INFO] Waiting for application shutdown.
[2024-11-22 23:30:00 -0500] [252494] [INFO] Application shutdown complete.
[2024-11-22 23:30:00 -0500] [252494] [INFO] Finished server process [252494]
[2024-11-22 23:30:00 -0500] [252492] [ERROR] Worker (pid:252494) was sent SIGTERM!
[2024-11-22 23:30:00 -0500] [252492] [INFO] Shutting down: Master
[2024-11-22 23:30:00 -0500] [252757] [INFO] Starting gunicorn 23.0.0
[2024-11-22 23:30:00 -0500] [252757] [INFO] Listening at: http://192.168.0.205:5000 (252757)
[2024-11-22 23:30:00 -0500] [252757] [INFO] Using worker: uvicorn.workers.UvicornWorker
[2024-11-22 23:30:00 -0500] [252760] [INFO] Booting worker with pid: 252760
[2024-11-22 23:30:01 -0500] [252760] [INFO] Started server process [252760]
[2024-11-22 23:30:01 -0500] [252760] [INFO] Waiting for application startup.
[2024-11-22 23:30:01 -0500] [252760] [INFO] Application startup complete.
[2024-11-22 23:31:42 -0500] [252757] [INFO] Handling signal: term
[2024-11-22 23:31:42 -0500] [252760] [INFO] Shutting down
[2024-11-22 23:31:42 -0500] [252760] [INFO] Waiting for application shutdown.
[2024-11-22 23:31:42 -0500] [252760] [INFO] Application shutdown complete.
[2024-11-22 23:31:42 -0500] [252760] [INFO] Finished server process [252760]
[2024-11-22 23:31:42 -0500] [252757] [ERROR] Worker (pid:252760) was sent SIGTERM!
[2024-11-22 23:31:42 -0500] [252757] [INFO] Shutting down: Master
[2024-11-22 23:31:42 -0500] [252959] [INFO] Starting gunicorn 23.0.0
[2024-11-22 23:31:42 -0500] [252959] [INFO] Listening at: http://192.168.0.205:5000 (252959)
[2024-11-22 23:31:42 -0500] [252959] [INFO] Using worker: uvicorn.workers.UvicornWorker
[2024-11-22 23:31:42 -0500] [252962] [INFO] Booting worker with pid: 252962
[2024-11-22 23:31:44 -0500] [252962] [INFO] Started server process [252962]
[2024-11-22 23:31:44 -0500] [252962] [INFO] Waiting for application startup.
[2024-11-22 23:31:44 -0500] [252962] [INFO] Application startup complete.
[2024-11-22 23:33:57 -0500] [252959] [INFO] Handling signal: term
[2024-11-22 23:33:57 -0500] [252962] [INFO] Shutting down
[2024-11-22 23:33:57 -0500] [252962] [INFO] Waiting for application shutdown.
[2024-11-22 23:33:57 -0500] [252962] [INFO] Application shutdown complete.
[2024-11-22 23:33:57 -0500] [252962] [INFO] Finished server process [252962]
[2024-11-22 23:33:57 -0500] [252959] [ERROR] Worker (pid:252962) was sent SIGTERM!
[2024-11-22 23:33:57 -0500] [252959] [INFO] Shutting down: Master
[2024-11-22 23:33:57 -0500] [253140] [INFO] Starting gunicorn 23.0.0
[2024-11-22 23:33:57 -0500] [253140] [INFO] Listening at: http://192.168.0.205:5000 (253140)
[2024-11-22 23:33:57 -0500] [253140] [INFO] Using worker: uvicorn.workers.UvicornWorker
[2024-11-22 23:33:57 -0500] [253142] [INFO] Booting worker with pid: 253142
[2024-11-22 23:33:58 -0500] [253142] [INFO] Started server process [253142]
[2024-11-22 23:33:58 -0500] [253142] [INFO] Waiting for application startup.
[2024-11-22 23:33:58 -0500] [253142] [INFO] Application startup complete.
[2024-11-22 23:36:12 -0500] [253140] [INFO] Handling signal: term
[2024-11-22 23:36:12 -0500] [253142] [INFO] Shutting down
[2024-11-22 23:36:12 -0500] [253142] [INFO] Waiting for application shutdown.
[2024-11-22 23:36:12 -0500] [253142] [INFO] Application shutdown complete.
[2024-11-22 23:36:12 -0500] [253142] [INFO] Finished server process [253142]
[2024-11-22 23:36:12 -0500] [253140] [ERROR] Worker (pid:253142) was sent SIGTERM!
[2024-11-22 23:36:12 -0500] [253140] [INFO] Shutting down: Master
[2024-11-22 23:36:12 -0500] [253343] [INFO] Starting gunicorn 23.0.0
[2024-11-22 23:36:12 -0500] [253343] [INFO] Listening at: http://192.168.0.205:5000 (253343)
[2024-11-22 23:36:12 -0500] [253343] [INFO] Using worker: uvicorn.workers.UvicornWorker
[2024-11-22 23:36:12 -0500] [253345] [INFO] Booting worker with pid: 253345
[2024-11-22 23:36:13 -0500] [253345] [INFO] Started server process [253345]
[2024-11-22 23:36:13 -0500] [253345] [INFO] Waiting for application startup.
[2024-11-22 23:36:13 -0500] [253345] [INFO] Application startup complete.
[2024-11-22 23:37:13 -0500] [253343] [INFO] Handling signal: term
[2024-11-22 23:37:13 -0500] [253345] [INFO] Shutting down
[2024-11-22 23:37:13 -0500] [253345] [INFO] Waiting for application shutdown.
[2024-11-22 23:37:13 -0500] [253345] [INFO] Application shutdown complete.
[2024-11-22 23:37:13 -0500] [253345] [INFO] Finished server process [253345]
[2024-11-22 23:37:13 -0500] [253343] [ERROR] Worker (pid:253345) was sent SIGTERM!
[2024-11-22 23:37:13 -0500] [253343] [INFO] Shutting down: Master
[2024-11-22 23:37:13 -0500] [253512] [INFO] Starting gunicorn 23.0.0
[2024-11-22 23:37:13 -0500] [253512] [INFO] Listening at: http://192.168.0.205:5000 (253512)
[2024-11-22 23:37:13 -0500] [253512] [INFO] Using worker: uvicorn.workers.UvicornWorker
[2024-11-22 23:37:13 -0500] [253515] [INFO] Booting worker with pid: 253515
[2024-11-22 23:37:14 -0500] [253515] [INFO] Started server process [253515]
[2024-11-22 23:37:14 -0500] [253515] [INFO] Waiting for application startup.
[2024-11-22 23:37:14 -0500] [253515] [INFO] Application startup complete.
[2024-11-22 23:37:58 -0500] [253512] [INFO] Handling signal: term
[2024-11-22 23:37:58 -0500] [253515] [INFO] Shutting down
[2024-11-22 23:37:58 -0500] [253515] [INFO] Waiting for application shutdown.
[2024-11-22 23:37:58 -0500] [253515] [INFO] Application shutdown complete.
[2024-11-22 23:37:58 -0500] [253515] [INFO] Finished server process [253515]
[2024-11-22 23:37:58 -0500] [253512] [ERROR] Worker (pid:253515) was sent SIGTERM!
[2024-11-22 23:37:58 -0500] [253512] [INFO] Shutting down: Master
[2024-11-22 23:37:58 -0500] [253695] [INFO] Starting gunicorn 23.0.0
[2024-11-22 23:37:58 -0500] [253695] [INFO] Listening at: http://192.168.0.205:5000 (253695)
[2024-11-22 23:37:58 -0500] [253695] [INFO] Using worker: uvicorn.workers.UvicornWorker
[2024-11-22 23:37:58 -0500] [253697] [INFO] Booting worker with pid: 253697
[2024-11-22 23:37:59 -0500] [253697] [INFO] Started server process [253697]
[2024-11-22 23:37:59 -0500] [253697] [INFO] Waiting for application startup.
[2024-11-22 23:37:59 -0500] [253697] [INFO] Application startup complete.
[2024-11-22 23:39:50 -0500] [253695] [INFO] Handling signal: term
[2024-11-22 23:39:50 -0500] [253697] [INFO] Shutting down
[2024-11-22 23:39:50 -0500] [253697] [INFO] Waiting for application shutdown.
[2024-11-22 23:39:50 -0500] [253697] [INFO] Application shutdown complete.
[2024-11-22 23:39:50 -0500] [253697] [INFO] Finished server process [253697]
[2024-11-22 23:39:50 -0500] [253695] [ERROR] Worker (pid:253697) was sent SIGTERM!
[2024-11-22 23:39:50 -0500] [253695] [INFO] Shutting down: Master
[2024-11-22 23:39:50 -0500] [253873] [INFO] Starting gunicorn 23.0.0
[2024-11-22 23:39:50 -0500] [253873] [INFO] Listening at: http://192.168.0.205:5000 (253873)
[2024-11-22 23:39:50 -0500] [253873] [INFO] Using worker: uvicorn.workers.UvicornWorker
[2024-11-22 23:39:50 -0500] [253877] [INFO] Booting worker with pid: 253877
[2024-11-22 23:39:51 -0500] [253877] [INFO] Started server process [253877]
[2024-11-22 23:39:51 -0500] [253877] [INFO] Waiting for application startup.
[2024-11-22 23:39:51 -0500] [253877] [INFO] Application startup complete.
[2024-11-22 23:41:11 -0500] [253873] [INFO] Handling signal: term
[2024-11-22 23:41:11 -0500] [253877] [INFO] Shutting down
[2024-11-22 23:41:11 -0500] [253877] [INFO] Waiting for application shutdown.
[2024-11-22 23:41:11 -0500] [253877] [INFO] Application shutdown complete.
[2024-11-22 23:41:11 -0500] [253877] [INFO] Finished server process [253877]
[2024-11-22 23:41:11 -0500] [253873] [ERROR] Worker (pid:253877) was sent SIGTERM!
[2024-11-22 23:41:11 -0500] [253873] [INFO] Shutting down: Master
[2024-11-22 23:41:12 -0500] [254065] [INFO] Starting gunicorn 23.0.0
[2024-11-22 23:41:12 -0500] [254065] [INFO] Listening at: http://192.168.0.205:5000 (254065)
[2024-11-22 23:41:12 -0500] [254065] [INFO] Using worker: uvicorn.workers.UvicornWorker
[2024-11-22 23:41:12 -0500] [254067] [INFO] Booting worker with pid: 254067
[2024-11-22 23:41:13 -0500] [254067] [INFO] Started server process [254067]
[2024-11-22 23:41:13 -0500] [254067] [INFO] Waiting for application startup.
[2024-11-22 23:41:13 -0500] [254067] [INFO] Application startup complete.
[2024-11-22 23:43:12 -0500] [254065] [INFO] Handling signal: term
[2024-11-22 23:43:12 -0500] [254067] [INFO] Shutting down
[2024-11-22 23:43:12 -0500] [254067] [INFO] Waiting for application shutdown.
[2024-11-22 23:43:12 -0500] [254067] [INFO] Application shutdown complete.
[2024-11-22 23:43:12 -0500] [254067] [INFO] Finished server process [254067]
[2024-11-22 23:43:12 -0500] [254065] [ERROR] Worker (pid:254067) was sent SIGTERM!
[2024-11-22 23:43:12 -0500] [254065] [INFO] Shutting down: Master
[2024-11-22 23:43:12 -0500] [254264] [INFO] Starting gunicorn 23.0.0
[2024-11-22 23:43:12 -0500] [254264] [INFO] Listening at: http://192.168.0.205:5000 (254264)
[2024-11-22 23:43:12 -0500] [254264] [INFO] Using worker: uvicorn.workers.UvicornWorker
[2024-11-22 23:43:12 -0500] [254267] [INFO] Booting worker with pid: 254267
[2024-11-22 23:43:13 -0500] [254267] [INFO] Started server process [254267]
[2024-11-22 23:43:13 -0500] [254267] [INFO] Waiting for application startup.
[2024-11-22 23:43:13 -0500] [254267] [INFO] Application startup complete.
[2024-11-22 23:44:19 -0500] [254264] [INFO] Handling signal: term
[2024-11-22 23:44:19 -0500] [254267] [INFO] Shutting down
[2024-11-22 23:44:20 -0500] [254267] [INFO] Waiting for application shutdown.
[2024-11-22 23:44:20 -0500] [254267] [INFO] Application shutdown complete.
[2024-11-22 23:44:20 -0500] [254267] [INFO] Finished server process [254267]
[2024-11-22 23:44:20 -0500] [254264] [ERROR] Worker (pid:254267) was sent SIGTERM!
[2024-11-22 23:44:20 -0500] [254264] [INFO] Shutting down: Master
[2024-11-22 23:44:20 -0500] [254331] [INFO] Starting gunicorn 23.0.0
[2024-11-22 23:44:20 -0500] [254331] [INFO] Listening at: http://192.168.0.205:5000 (254331)
[2024-11-22 23:44:20 -0500] [254331] [INFO] Using worker: uvicorn.workers.UvicornWorker
[2024-11-22 23:44:20 -0500] [254334] [INFO] Booting worker with pid: 254334
[2024-11-22 23:44:21 -0500] [254334] [INFO] Started server process [254334]
[2024-11-22 23:44:21 -0500] [254334] [INFO] Waiting for application startup.
[2024-11-22 23:44:21 -0500] [254334] [INFO] Application startup complete.
[2024-11-22 23:46:05 -0500] [254331] [INFO] Handling signal: term
[2024-11-22 23:46:05 -0500] [254334] [INFO] Shutting down
[2024-11-22 23:46:05 -0500] [254334] [INFO] Waiting for application shutdown.
[2024-11-22 23:46:05 -0500] [254334] [INFO] Application shutdown complete.
[2024-11-22 23:46:05 -0500] [254334] [INFO] Finished server process [254334]
[2024-11-22 23:46:05 -0500] [254331] [ERROR] Worker (pid:254334) was sent SIGTERM!
[2024-11-22 23:46:05 -0500] [254331] [INFO] Shutting down: Master
[2024-11-22 23:46:06 -0500] [254679] [INFO] Starting gunicorn 23.0.0
[2024-11-22 23:46:06 -0500] [254679] [INFO] Listening at: http://192.168.0.205:5000 (254679)
[2024-11-22 23:46:06 -0500] [254679] [INFO] Using worker: uvicorn.workers.UvicornWorker
[2024-11-22 23:46:06 -0500] [254681] [INFO] Booting worker with pid: 254681
[2024-11-22 23:46:07 -0500] [254681] [INFO] Started server process [254681]
[2024-11-22 23:46:07 -0500] [254681] [INFO] Waiting for application startup.
[2024-11-22 23:46:07 -0500] [254681] [INFO] Application startup complete.
[2024-11-22 23:46:48 -0500] [254679] [INFO] Handling signal: term
[2024-11-22 23:46:48 -0500] [254681] [INFO] Shutting down
[2024-11-22 23:46:48 -0500] [254681] [INFO] Waiting for application shutdown.
[2024-11-22 23:46:48 -0500] [254681] [INFO] Application shutdown complete.
[2024-11-22 23:46:48 -0500] [254681] [INFO] Finished server process [254681]
[2024-11-22 23:46:48 -0500] [254679] [ERROR] Worker (pid:254681) was sent SIGTERM!
[2024-11-22 23:46:48 -0500] [254679] [INFO] Shutting down: Master
[2024-11-22 23:46:49 -0500] [254842] [INFO] Starting gunicorn 23.0.0
[2024-11-22 23:46:49 -0500] [254842] [INFO] Listening at: http://192.168.0.205:5000 (254842)
[2024-11-22 23:46:49 -0500] [254842] [INFO] Using worker: uvicorn.workers.UvicornWorker
[2024-11-22 23:46:49 -0500] [254844] [INFO] Booting worker with pid: 254844
[2024-11-22 23:46:50 -0500] [254844] [INFO] Started server process [254844]
[2024-11-22 23:46:50 -0500] [254844] [INFO] Waiting for application startup.
[2024-11-22 23:46:50 -0500] [254844] [INFO] Application startup complete.
[2024-11-22 23:48:14 -0500] [254842] [INFO] Handling signal: term
[2024-11-22 23:48:14 -0500] [254844] [INFO] Shutting down
[2024-11-22 23:48:14 -0500] [254844] [INFO] Waiting for application shutdown.
[2024-11-22 23:48:14 -0500] [254844] [INFO] Application shutdown complete.
[2024-11-22 23:48:14 -0500] [254844] [INFO] Finished server process [254844]
[2024-11-22 23:48:14 -0500] [254842] [ERROR] Worker (pid:254844) was sent SIGTERM!
[2024-11-22 23:48:14 -0500] [254842] [INFO] Shutting down: Master
[2024-11-22 23:48:14 -0500] [255018] [INFO] Starting gunicorn 23.0.0
[2024-11-22 23:48:14 -0500] [255018] [INFO] Listening at: http://192.168.0.205:5000 (255018)
[2024-11-22 23:48:14 -0500] [255018] [INFO] Using worker: uvicorn.workers.UvicornWorker
[2024-11-22 23:48:14 -0500] [255021] [INFO] Booting worker with pid: 255021
[2024-11-22 23:48:15 -0500] [255021] [INFO] Started server process [255021]
[2024-11-22 23:48:15 -0500] [255021] [INFO] Waiting for application startup.
[2024-11-22 23:48:15 -0500] [255021] [INFO] Application startup complete.
[2024-11-22 23:49:33 -0500] [255018] [INFO] Handling signal: term
[2024-11-22 23:49:33 -0500] [255021] [INFO] Shutting down
[2024-11-22 23:49:33 -0500] [255021] [INFO] Waiting for application shutdown.
[2024-11-22 23:49:33 -0500] [255021] [INFO] Application shutdown complete.
[2024-11-22 23:49:33 -0500] [255021] [INFO] Finished server process [255021]
[2024-11-22 23:49:33 -0500] [255018] [ERROR] Worker (pid:255021) was sent SIGTERM!
[2024-11-22 23:49:33 -0500] [255018] [INFO] Shutting down: Master
[2024-11-22 23:49:33 -0500] [255198] [INFO] Starting gunicorn 23.0.0
[2024-11-22 23:49:33 -0500] [255198] [INFO] Listening at: http://192.168.0.205:5000 (255198)
[2024-11-22 23:49:33 -0500] [255198] [INFO] Using worker: uvicorn.workers.UvicornWorker
[2024-11-22 23:49:33 -0500] [255202] [INFO] Booting worker with pid: 255202
[2024-11-22 23:49:34 -0500] [255202] [INFO] Started server process [255202]
[2024-11-22 23:49:34 -0500] [255202] [INFO] Waiting for application startup.
[2024-11-22 23:49:34 -0500] [255202] [INFO] Application startup complete.
[2024-11-22 23:53:19 -0500] [255198] [INFO] Handling signal: term
[2024-11-22 23:53:19 -0500] [255202] [INFO] Shutting down
[2024-11-22 23:53:19 -0500] [255202] [INFO] Waiting for application shutdown.
[2024-11-22 23:53:19 -0500] [255202] [INFO] Application shutdown complete.
[2024-11-22 23:53:19 -0500] [255202] [INFO] Finished server process [255202]
[2024-11-22 23:53:19 -0500] [255198] [ERROR] Worker (pid:255202) was sent SIGTERM!
[2024-11-22 23:53:19 -0500] [255198] [INFO] Shutting down: Master
[2024-11-22 23:53:19 -0500] [255447] [INFO] Starting gunicorn 23.0.0
[2024-11-22 23:53:19 -0500] [255447] [INFO] Listening at: http://192.168.0.205:5000 (255447)
[2024-11-22 23:53:19 -0500] [255447] [INFO] Using worker: uvicorn.workers.UvicornWorker
[2024-11-22 23:53:19 -0500] [255450] [INFO] Booting worker with pid: 255450
[2024-11-22 23:53:20 -0500] [255450] [INFO] Started server process [255450]
[2024-11-22 23:53:20 -0500] [255450] [INFO] Waiting for application startup.
[2024-11-22 23:53:20 -0500] [255450] [INFO] Application startup complete.
[2024-11-22 23:55:12 -0500] [255447] [INFO] Handling signal: term
[2024-11-22 23:55:12 -0500] [255450] [INFO] Shutting down
[2024-11-22 23:55:12 -0500] [255450] [INFO] Waiting for application shutdown.
[2024-11-22 23:55:12 -0500] [255450] [INFO] Application shutdown complete.
[2024-11-22 23:55:12 -0500] [255450] [INFO] Finished server process [255450]
[2024-11-22 23:55:12 -0500] [255447] [ERROR] Worker (pid:255450) was sent SIGTERM!
[2024-11-22 23:55:12 -0500] [255447] [INFO] Shutting down: Master
[2024-11-22 23:55:12 -0500] [255641] [INFO] Starting gunicorn 23.0.0
[2024-11-22 23:55:12 -0500] [255641] [INFO] Listening at: http://192.168.0.205:5000 (255641)
[2024-11-22 23:55:12 -0500] [255641] [INFO] Using worker: uvicorn.workers.UvicornWorker
[2024-11-22 23:55:12 -0500] [255645] [INFO] Booting worker with pid: 255645
[2024-11-22 23:55:14 -0500] [255645] [INFO] Started server process [255645]
[2024-11-22 23:55:14 -0500] [255645] [INFO] Waiting for application startup.
[2024-11-22 23:55:14 -0500] [255645] [INFO] Application startup complete.
[2024-11-23 00:03:29 -0500] [255641] [INFO] Handling signal: term
[2024-11-23 00:03:29 -0500] [255645] [INFO] Shutting down
[2024-11-23 00:03:29 -0500] [255645] [INFO] Waiting for application shutdown.
[2024-11-23 00:03:29 -0500] [255645] [INFO] Application shutdown complete.
[2024-11-23 00:03:29 -0500] [255645] [INFO] Finished server process [255645]
[2024-11-23 00:03:29 -0500] [255641] [ERROR] Worker (pid:255645) was sent SIGTERM!
[2024-11-23 00:03:30 -0500] [255641] [INFO] Shutting down: Master
[2024-11-23 00:03:30 -0500] [256079] [INFO] Starting gunicorn 23.0.0
[2024-11-23 00:03:30 -0500] [256079] [INFO] Listening at: http://192.168.0.205:5000 (256079)
[2024-11-23 00:03:30 -0500] [256079] [INFO] Using worker: uvicorn.workers.UvicornWorker
[2024-11-23 00:03:30 -0500] [256082] [INFO] Booting worker with pid: 256082
[2024-11-23 00:03:31 -0500] [256082] [INFO] Started server process [256082]
[2024-11-23 00:03:31 -0500] [256082] [INFO] Waiting for application startup.
[2024-11-23 00:03:31 -0500] [256082] [INFO] Application startup complete.
[2024-11-23 00:04:57 -0500] [256079] [INFO] Handling signal: term
[2024-11-23 00:04:57 -0500] [256082] [INFO] Shutting down
[2024-11-23 00:04:57 -0500] [256082] [INFO] Waiting for application shutdown.
[2024-11-23 00:04:57 -0500] [256082] [INFO] Application shutdown complete.
[2024-11-23 00:04:57 -0500] [256082] [INFO] Finished server process [256082]
[2024-11-23 00:04:57 -0500] [256079] [ERROR] Worker (pid:256082) was sent SIGTERM!
[2024-11-23 00:04:57 -0500] [256079] [INFO] Shutting down: Master
[2024-11-23 00:04:58 -0500] [256260] [INFO] Starting gunicorn 23.0.0
[2024-11-23 00:04:58 -0500] [256260] [INFO] Listening at: http://192.168.0.205:5000 (256260)
[2024-11-23 00:04:58 -0500] [256260] [INFO] Using worker: uvicorn.workers.UvicornWorker
[2024-11-23 00:04:58 -0500] [256262] [INFO] Booting worker with pid: 256262
[2024-11-23 00:04:59 -0500] [256262] [INFO] Started server process [256262]
[2024-11-23 00:04:59 -0500] [256262] [INFO] Waiting for application startup.
[2024-11-23 00:04:59 -0500] [256262] [INFO] Application startup complete.
[2024-11-23 00:10:55 -0500] [256260] [INFO] Handling signal: term
[2024-11-23 00:10:55 -0500] [256262] [INFO] Shutting down
[2024-11-23 00:10:55 -0500] [256262] [INFO] Waiting for application shutdown.
[2024-11-23 00:10:55 -0500] [256262] [INFO] Application shutdown complete.
[2024-11-23 00:10:55 -0500] [256262] [INFO] Finished server process [256262]
[2024-11-23 00:10:55 -0500] [256260] [ERROR] Worker (pid:256262) was sent SIGTERM!
[2024-11-23 00:10:55 -0500] [256260] [INFO] Shutting down: Master
[2024-11-23 00:10:55 -0500] [256526] [INFO] Starting gunicorn 23.0.0
[2024-11-23 00:10:55 -0500] [256526] [INFO] Listening at: http://192.168.0.205:5000 (256526)
[2024-11-23 00:10:55 -0500] [256526] [INFO] Using worker: uvicorn.workers.UvicornWorker
[2024-11-23 00:10:55 -0500] [256529] [INFO] Booting worker with pid: 256529
[2024-11-23 00:10:56 -0500] [256529] [INFO] Started server process [256529]
[2024-11-23 00:10:56 -0500] [256529] [INFO] Waiting for application startup.
[2024-11-23 00:10:56 -0500] [256529] [INFO] Application startup complete.
[2024-11-23 00:11:10 -0500] [256526] [INFO] Handling signal: term
[2024-11-23 00:11:10 -0500] [256529] [INFO] Shutting down
[2024-11-23 00:11:10 -0500] [256529] [INFO] Waiting for application shutdown.
[2024-11-23 00:11:10 -0500] [256529] [INFO] Application shutdown complete.
[2024-11-23 00:11:10 -0500] [256529] [INFO] Finished server process [256529]
[2024-11-23 00:11:10 -0500] [256526] [ERROR] Worker (pid:256529) was sent SIGTERM!
[2024-11-23 00:11:10 -0500] [256526] [INFO] Shutting down: Master
[2024-11-23 00:11:11 -0500] [256686] [INFO] Starting gunicorn 23.0.0
[2024-11-23 00:11:11 -0500] [256686] [INFO] Listening at: http://192.168.0.205:5000 (256686)
[2024-11-23 00:11:11 -0500] [256686] [INFO] Using worker: uvicorn.workers.UvicornWorker
[2024-11-23 00:11:11 -0500] [256688] [INFO] Booting worker with pid: 256688
[2024-11-23 00:11:12 -0500] [256688] [INFO] Started server process [256688]
[2024-11-23 00:11:12 -0500] [256688] [INFO] Waiting for application startup.
[2024-11-23 00:11:12 -0500] [256688] [INFO] Application startup complete.
[2024-11-23 00:12:12 -0500] [256686] [INFO] Handling signal: term
[2024-11-23 00:12:13 -0500] [256688] [INFO] Shutting down
[2024-11-23 00:12:13 -0500] [256688] [INFO] Waiting for application shutdown.
[2024-11-23 00:12:13 -0500] [256688] [INFO] Application shutdown complete.
[2024-11-23 00:12:13 -0500] [256688] [INFO] Finished server process [256688]
[2024-11-23 00:12:13 -0500] [256686] [ERROR] Worker (pid:256688) was sent SIGTERM!
[2024-11-23 00:12:13 -0500] [256686] [INFO] Shutting down: Master
[2024-11-23 00:12:13 -0500] [256751] [INFO] Starting gunicorn 23.0.0
[2024-11-23 00:12:13 -0500] [256751] [INFO] Listening at: http://192.168.0.205:5000 (256751)
[2024-11-23 00:12:13 -0500] [256751] [INFO] Using worker: uvicorn.workers.UvicornWorker
[2024-11-23 00:12:13 -0500] [256754] [INFO] Booting worker with pid: 256754
[2024-11-23 00:12:14 -0500] [256754] [INFO] Started server process [256754]
[2024-11-23 00:12:14 -0500] [256754] [INFO] Waiting for application startup.
[2024-11-23 00:12:14 -0500] [256754] [INFO] Application startup complete.
[2024-11-23 00:12:49 -0500] [256751] [INFO] Handling signal: term
[2024-11-23 00:12:49 -0500] [256754] [INFO] Shutting down
[2024-11-23 00:12:49 -0500] [256754] [INFO] Waiting for application shutdown.
[2024-11-23 00:12:49 -0500] [256754] [INFO] Application shutdown complete.
[2024-11-23 00:12:49 -0500] [256754] [INFO] Finished server process [256754]
[2024-11-23 00:12:49 -0500] [256751] [ERROR] Worker (pid:256754) was sent SIGTERM!
[2024-11-23 00:12:49 -0500] [256751] [INFO] Shutting down: Master
[2024-11-23 00:12:49 -0500] [257043] [INFO] Starting gunicorn 23.0.0
[2024-11-23 00:12:49 -0500] [257043] [INFO] Listening at: http://192.168.0.205:5000 (257043)
[2024-11-23 00:12:49 -0500] [257043] [INFO] Using worker: uvicorn.workers.UvicornWorker
[2024-11-23 00:12:49 -0500] [257047] [INFO] Booting worker with pid: 257047
[2024-11-23 00:12:50 -0500] [257047] [INFO] Started server process [257047]
[2024-11-23 00:12:50 -0500] [257047] [INFO] Waiting for application startup.
[2024-11-23 00:12:50 -0500] [257047] [INFO] Application startup complete.
[2024-11-23 00:15:10 -0500] [257043] [INFO] Handling signal: term
[2024-11-23 00:15:10 -0500] [257047] [INFO] Shutting down
[2024-11-23 00:15:10 -0500] [257047] [INFO] Waiting for application shutdown.
[2024-11-23 00:15:10 -0500] [257047] [INFO] Application shutdown complete.
[2024-11-23 00:15:10 -0500] [257047] [INFO] Finished server process [257047]
[2024-11-23 00:15:10 -0500] [257043] [ERROR] Worker (pid:257047) was sent SIGTERM!
[2024-11-23 00:15:10 -0500] [257043] [INFO] Shutting down: Master
[2024-11-23 00:15:10 -0500] [257238] [INFO] Starting gunicorn 23.0.0
[2024-11-23 00:15:10 -0500] [257238] [INFO] Listening at: http://192.168.0.205:5000 (257238)
[2024-11-23 00:15:10 -0500] [257238] [INFO] Using worker: uvicorn.workers.UvicornWorker
[2024-11-23 00:15:10 -0500] [257240] [INFO] Booting worker with pid: 257240
[2024-11-23 00:15:11 -0500] [257240] [INFO] Started server process [257240]
[2024-11-23 00:15:11 -0500] [257240] [INFO] Waiting for application startup.
[2024-11-23 00:15:11 -0500] [257240] [INFO] Application startup complete.
[2024-11-23 00:17:23 -0500] [257238] [INFO] Handling signal: term
[2024-11-23 00:17:23 -0500] [257240] [INFO] Shutting down
[2024-11-23 00:17:23 -0500] [257240] [INFO] Waiting for application shutdown.
[2024-11-23 00:17:23 -0500] [257240] [INFO] Application shutdown complete.
[2024-11-23 00:17:23 -0500] [257240] [INFO] Finished server process [257240]
[2024-11-23 00:17:23 -0500] [257238] [ERROR] Worker (pid:257240) was sent SIGTERM!
[2024-11-23 00:17:23 -0500] [257238] [INFO] Shutting down: Master
[2024-11-23 00:17:23 -0500] [257430] [INFO] Starting gunicorn 23.0.0
[2024-11-23 00:17:23 -0500] [257430] [INFO] Listening at: http://192.168.0.205:5000 (257430)
[2024-11-23 00:17:23 -0500] [257430] [INFO] Using worker: uvicorn.workers.UvicornWorker
[2024-11-23 00:17:23 -0500] [257432] [INFO] Booting worker with pid: 257432
[2024-11-23 00:17:24 -0500] [257432] [INFO] Started server process [257432]
[2024-11-23 00:17:24 -0500] [257432] [INFO] Waiting for application startup.
[2024-11-23 00:17:24 -0500] [257432] [INFO] Application startup complete.
